mode: set
github.com/oranjParker/Rarefactor/internal/search/embedder.go:17.30,19.15 2 1
github.com/oranjParker/Rarefactor/internal/search/embedder.go:19.15,21.3 1 0
github.com/oranjParker/Rarefactor/internal/search/embedder.go:22.2,25.3 1 1
github.com/oranjParker/Rarefactor/internal/search/embedder.go:40.105,42.13 2 1
github.com/oranjParker/Rarefactor/internal/search/embedder.go:42.13,44.3 1 1
github.com/oranjParker/Rarefactor/internal/search/embedder.go:46.2,53.16 3 1
github.com/oranjParker/Rarefactor/internal/search/embedder.go:53.16,55.3 1 0
github.com/oranjParker/Rarefactor/internal/search/embedder.go:56.2,59.16 3 1
github.com/oranjParker/Rarefactor/internal/search/embedder.go:59.16,61.3 1 0
github.com/oranjParker/Rarefactor/internal/search/embedder.go:62.2,64.38 2 1
github.com/oranjParker/Rarefactor/internal/search/embedder.go:64.38,66.3 1 0
github.com/oranjParker/Rarefactor/internal/search/embedder.go:68.2,69.67 2 1
github.com/oranjParker/Rarefactor/internal/search/embedder.go:69.67,71.3 1 0
github.com/oranjParker/Rarefactor/internal/search/embedder.go:73.2,73.27 1 1
github.com/oranjParker/Rarefactor/internal/search/embedder.go:73.27,75.3 1 0
github.com/oranjParker/Rarefactor/internal/search/embedder.go:77.2,77.38 1 1
github.com/oranjParker/Rarefactor/internal/server/crawler.go:23.125,26.2 2 0
github.com/oranjParker/Rarefactor/internal/server/crawler.go:28.101,32.16 3 1
github.com/oranjParker/Rarefactor/internal/server/crawler.go:32.16,34.3 1 1
github.com/oranjParker/Rarefactor/internal/server/crawler.go:35.2,36.16 2 1
github.com/oranjParker/Rarefactor/internal/server/crawler.go:36.16,38.3 1 1
github.com/oranjParker/Rarefactor/internal/server/crawler.go:40.2,40.12 1 1
github.com/oranjParker/Rarefactor/internal/server/crawler.go:40.12,46.3 3 1
github.com/oranjParker/Rarefactor/internal/server/crawler.go:48.2,50.8 1 1
github.com/oranjParker/Rarefactor/internal/server/search.go:44.111,51.2 1 1
github.com/oranjParker/Rarefactor/internal/server/search.go:53.121,56.18 3 1
github.com/oranjParker/Rarefactor/internal/server/search.go:56.18,58.3 1 0
github.com/oranjParker/Rarefactor/internal/server/search.go:60.2,61.16 2 1
github.com/oranjParker/Rarefactor/internal/server/search.go:61.16,63.3 1 0
github.com/oranjParker/Rarefactor/internal/server/search.go:65.2,72.16 2 1
github.com/oranjParker/Rarefactor/internal/server/search.go:72.16,74.3 1 0
github.com/oranjParker/Rarefactor/internal/server/search.go:76.2,76.21 1 1
github.com/oranjParker/Rarefactor/internal/server/search.go:76.21,81.3 1 0
github.com/oranjParker/Rarefactor/internal/server/search.go:83.2,85.29 3 1
github.com/oranjParker/Rarefactor/internal/server/search.go:85.29,87.3 1 1
github.com/oranjParker/Rarefactor/internal/server/search.go:89.2,90.46 2 1
github.com/oranjParker/Rarefactor/internal/server/search.go:90.46,92.3 1 0
github.com/oranjParker/Rarefactor/internal/server/search.go:94.2,95.29 2 1
github.com/oranjParker/Rarefactor/internal/server/search.go:95.29,98.3 2 1
github.com/oranjParker/Rarefactor/internal/server/search.go:100.2,100.52 1 1
github.com/oranjParker/Rarefactor/internal/server/search.go:100.52,101.49 1 1
github.com/oranjParker/Rarefactor/internal/server/search.go:101.49,103.4 1 1
github.com/oranjParker/Rarefactor/internal/server/search.go:104.3,104.37 1 0
github.com/oranjParker/Rarefactor/internal/server/search.go:107.2,108.53 2 1
github.com/oranjParker/Rarefactor/internal/server/search.go:108.53,110.3 1 1
github.com/oranjParker/Rarefactor/internal/server/search.go:112.2,115.8 1 1
github.com/oranjParker/Rarefactor/internal/server/search.go:118.103,120.17 2 1
github.com/oranjParker/Rarefactor/internal/server/search.go:120.17,122.3 1 0
github.com/oranjParker/Rarefactor/internal/server/search.go:124.2,127.16 3 1
github.com/oranjParker/Rarefactor/internal/server/search.go:127.16,129.3 1 0
github.com/oranjParker/Rarefactor/internal/server/search.go:131.2,132.16 2 1
github.com/oranjParker/Rarefactor/internal/server/search.go:132.16,134.3 1 0
github.com/oranjParker/Rarefactor/internal/server/search.go:135.2,136.16 2 1
github.com/oranjParker/Rarefactor/internal/server/search.go:136.16,138.3 1 0
github.com/oranjParker/Rarefactor/internal/server/search.go:140.2,141.27 2 1
github.com/oranjParker/Rarefactor/internal/server/search.go:141.27,144.36 3 1
github.com/oranjParker/Rarefactor/internal/server/search.go:144.36,146.4 1 1
github.com/oranjParker/Rarefactor/internal/server/search.go:147.3,148.38 2 1
github.com/oranjParker/Rarefactor/internal/server/search.go:148.38,150.4 1 1
github.com/oranjParker/Rarefactor/internal/server/search.go:152.3,156.5 1 1
github.com/oranjParker/Rarefactor/internal/server/search.go:158.2,161.8 1 1
github.com/oranjParker/Rarefactor/internal/server/search.go:164.113,166.2 1 0
github.com/oranjParker/Rarefactor/internal/utils/utils.go:15.45,16.71 1 1
github.com/oranjParker/Rarefactor/internal/utils/utils.go:16.71,21.28 4 1
github.com/oranjParker/Rarefactor/internal/utils/utils.go:21.28,24.4 2 1
github.com/oranjParker/Rarefactor/internal/utils/utils.go:26.3,26.20 1 0
github.com/oranjParker/Rarefactor/internal/utils/utils.go:30.51,32.16 2 1
github.com/oranjParker/Rarefactor/internal/utils/utils.go:32.16,34.3 1 0
github.com/oranjParker/Rarefactor/internal/utils/utils.go:36.2,39.16 3 1
github.com/oranjParker/Rarefactor/internal/utils/utils.go:39.16,41.3 1 1
github.com/oranjParker/Rarefactor/internal/utils/utils.go:43.2,43.20 1 1
github.com/oranjParker/Rarefactor/internal/utils/utils.go:46.34,47.77 1 1
github.com/oranjParker/Rarefactor/internal/utils/utils.go:47.77,49.3 1 1
github.com/oranjParker/Rarefactor/internal/utils/utils.go:51.2,51.33 1 1
github.com/oranjParker/Rarefactor/internal/utils/utils.go:51.33,61.36 2 1
github.com/oranjParker/Rarefactor/internal/utils/utils.go:61.36,62.84 1 1
github.com/oranjParker/Rarefactor/internal/utils/utils.go:62.84,64.5 1 1
github.com/oranjParker/Rarefactor/internal/utils/utils.go:68.2,68.53 1 1
github.com/oranjParker/Rarefactor/internal/utils/utils.go:68.53,72.87 3 0
github.com/oranjParker/Rarefactor/internal/utils/utils.go:72.87,74.4 1 0
github.com/oranjParker/Rarefactor/internal/utils/utils.go:77.2,77.14 1 1
github.com/oranjParker/Rarefactor/internal/utils/utils.go:80.36,82.2 1 1
github.com/oranjParker/Rarefactor/internal/utils/utils.go:84.36,85.22 1 1
github.com/oranjParker/Rarefactor/internal/utils/utils.go:85.22,87.3 1 0
github.com/oranjParker/Rarefactor/internal/utils/utils.go:88.2,88.30 1 1
github.com/oranjParker/Rarefactor/internal/utils/utils.go:88.30,89.18 1 1
github.com/oranjParker/Rarefactor/internal/utils/utils.go:89.18,91.4 1 1
github.com/oranjParker/Rarefactor/internal/utils/utils.go:92.3,92.18 1 1
github.com/oranjParker/Rarefactor/internal/utils/utils.go:92.18,94.4 1 1
github.com/oranjParker/Rarefactor/internal/utils/utils.go:96.2,96.10 1 0
github.com/oranjParker/Rarefactor/internal/utils/utils.go:104.55,111.82 2 0
github.com/oranjParker/Rarefactor/internal/utils/utils.go:111.82,113.18 2 0
github.com/oranjParker/Rarefactor/internal/utils/utils.go:113.18,115.5 1 0
github.com/oranjParker/Rarefactor/internal/utils/utils.go:117.4,118.18 2 0
github.com/oranjParker/Rarefactor/internal/utils/utils.go:118.18,120.5 1 0
github.com/oranjParker/Rarefactor/internal/utils/utils.go:122.4,122.26 1 0
github.com/oranjParker/Rarefactor/internal/utils/utils.go:122.26,123.28 1 0
github.com/oranjParker/Rarefactor/internal/utils/utils.go:123.28,124.25 1 0
github.com/oranjParker/Rarefactor/internal/utils/utils.go:124.25,126.7 1 0
github.com/oranjParker/Rarefactor/internal/utils/utils.go:130.4,130.84 1 0
github.com/oranjParker/Rarefactor/internal/utils/utils.go:134.2,137.3 1 0
github.com/oranjParker/Rarefactor/internal/crawler/coordinator.go:38.31,38.48 1 1
github.com/oranjParker/Rarefactor/internal/crawler/coordinator.go:39.41,47.2 5 1
github.com/oranjParker/Rarefactor/internal/crawler/coordinator.go:48.36,48.63 1 1
github.com/oranjParker/Rarefactor/internal/crawler/coordinator.go:49.36,49.73 1 1
github.com/oranjParker/Rarefactor/internal/crawler/coordinator.go:51.32,57.2 5 1
github.com/oranjParker/Rarefactor/internal/crawler/coordinator.go:71.60,84.2 3 1
github.com/oranjParker/Rarefactor/internal/crawler/coordinator.go:86.88,87.22 1 1
github.com/oranjParker/Rarefactor/internal/crawler/coordinator.go:87.22,89.3 1 1
github.com/oranjParker/Rarefactor/internal/crawler/coordinator.go:90.2,90.36 1 1
github.com/oranjParker/Rarefactor/internal/crawler/coordinator.go:90.36,92.3 1 1
github.com/oranjParker/Rarefactor/internal/crawler/coordinator.go:94.2,95.16 2 1
github.com/oranjParker/Rarefactor/internal/crawler/coordinator.go:95.16,97.3 1 0
github.com/oranjParker/Rarefactor/internal/crawler/coordinator.go:99.2,99.56 1 1
github.com/oranjParker/Rarefactor/internal/crawler/coordinator.go:99.56,101.3 1 0
github.com/oranjParker/Rarefactor/internal/crawler/coordinator.go:103.2,103.55 1 1
github.com/oranjParker/Rarefactor/internal/crawler/coordinator.go:103.55,105.3 1 0
github.com/oranjParker/Rarefactor/internal/crawler/coordinator.go:106.2,111.39 4 1
github.com/oranjParker/Rarefactor/internal/crawler/coordinator.go:111.39,119.3 3 1
github.com/oranjParker/Rarefactor/internal/crawler/coordinator.go:121.2,121.136 1 1
github.com/oranjParker/Rarefactor/internal/crawler/coordinator.go:124.54,126.20 2 1
github.com/oranjParker/Rarefactor/internal/crawler/coordinator.go:126.20,128.3 1 0
github.com/oranjParker/Rarefactor/internal/crawler/coordinator.go:129.2,129.33 1 1
github.com/oranjParker/Rarefactor/internal/crawler/coordinator.go:129.33,131.3 1 1
github.com/oranjParker/Rarefactor/internal/crawler/coordinator.go:134.48,136.2 1 1
github.com/oranjParker/Rarefactor/internal/crawler/coordinator.go:138.38,139.25 1 1
github.com/oranjParker/Rarefactor/internal/crawler/coordinator.go:139.25,141.3 1 1
github.com/oranjParker/Rarefactor/internal/crawler/coordinator.go:142.2,142.34 1 1
github.com/oranjParker/Rarefactor/internal/crawler/coordinator.go:142.34,143.17 1 1
github.com/oranjParker/Rarefactor/internal/crawler/coordinator.go:143.17,145.4 1 1
github.com/oranjParker/Rarefactor/internal/crawler/coordinator.go:147.2,147.14 1 1
github.com/oranjParker/Rarefactor/internal/crawler/coordinator.go:150.51,151.26 1 1
github.com/oranjParker/Rarefactor/internal/crawler/coordinator.go:151.26,153.3 1 0
github.com/oranjParker/Rarefactor/internal/crawler/coordinator.go:154.2,156.53 2 1
github.com/oranjParker/Rarefactor/internal/crawler/coordinator.go:156.53,158.3 1 1
github.com/oranjParker/Rarefactor/internal/crawler/coordinator.go:160.2,163.55 3 1
github.com/oranjParker/Rarefactor/internal/crawler/coordinator.go:163.55,166.3 2 0
github.com/oranjParker/Rarefactor/internal/crawler/coordinator.go:168.2,169.21 2 1
github.com/oranjParker/Rarefactor/internal/crawler/coordinator.go:169.21,171.3 1 0
github.com/oranjParker/Rarefactor/internal/crawler/coordinator.go:173.2,181.22 7 1
github.com/oranjParker/Rarefactor/internal/crawler/coordinator.go:184.53,185.26 1 1
github.com/oranjParker/Rarefactor/internal/crawler/coordinator.go:185.26,187.3 1 0
github.com/oranjParker/Rarefactor/internal/crawler/coordinator.go:188.2,190.19 3 1
github.com/oranjParker/Rarefactor/internal/crawler/coordinator.go:190.19,192.3 1 1
github.com/oranjParker/Rarefactor/internal/crawler/coordinator.go:193.2,193.18 1 1
github.com/oranjParker/Rarefactor/internal/crawler/coordinator.go:196.43,198.2 1 1
github.com/oranjParker/Rarefactor/internal/crawler/engine.go:48.60,63.2 3 1
github.com/oranjParker/Rarefactor/internal/crawler/engine.go:65.102,72.26 4 1
github.com/oranjParker/Rarefactor/internal/crawler/engine.go:72.26,74.3 1 1
github.com/oranjParker/Rarefactor/internal/crawler/engine.go:74.8,74.36 1 0
github.com/oranjParker/Rarefactor/internal/crawler/engine.go:74.36,78.17 4 0
github.com/oranjParker/Rarefactor/internal/crawler/engine.go:78.17,81.4 2 0
github.com/oranjParker/Rarefactor/internal/crawler/engine.go:84.2,84.37 1 1
github.com/oranjParker/Rarefactor/internal/crawler/engine.go:84.37,85.19 1 1
github.com/oranjParker/Rarefactor/internal/crawler/engine.go:85.19,86.8 1 1
github.com/oranjParker/Rarefactor/internal/crawler/engine.go:86.8,87.12 1 1
github.com/oranjParker/Rarefactor/internal/crawler/engine.go:88.23,89.12 1 1
github.com/oranjParker/Rarefactor/internal/crawler/engine.go:90.46,91.13 1 1
github.com/oranjParker/Rarefactor/internal/crawler/engine.go:91.13,93.7 1 0
github.com/oranjParker/Rarefactor/internal/crawler/engine.go:95.6,96.18 2 1
github.com/oranjParker/Rarefactor/internal/crawler/engine.go:96.18,104.15 2 0
github.com/oranjParker/Rarefactor/internal/crawler/engine.go:107.6,108.20 2 1
github.com/oranjParker/Rarefactor/internal/crawler/engine.go:108.20,110.7 1 1
github.com/oranjParker/Rarefactor/internal/crawler/engine.go:112.6,121.7 1 1
github.com/oranjParker/Rarefactor/internal/crawler/engine.go:127.2,131.30 3 1
github.com/oranjParker/Rarefactor/internal/crawler/engine.go:131.30,137.9 4 1
github.com/oranjParker/Rarefactor/internal/crawler/engine.go:137.9,140.4 2 1
github.com/oranjParker/Rarefactor/internal/crawler/engine.go:142.3,143.48 2 1
github.com/oranjParker/Rarefactor/internal/crawler/engine.go:143.48,145.24 2 1
github.com/oranjParker/Rarefactor/internal/crawler/engine.go:145.24,147.5 1 1
github.com/oranjParker/Rarefactor/internal/crawler/engine.go:147.10,149.5 1 0
github.com/oranjParker/Rarefactor/internal/crawler/engine.go:150.4,150.26 1 1
github.com/oranjParker/Rarefactor/internal/crawler/engine.go:153.3,153.10 1 1
github.com/oranjParker/Rarefactor/internal/crawler/engine.go:154.29,155.42 1 1
github.com/oranjParker/Rarefactor/internal/crawler/engine.go:156.43,157.36 1 1
github.com/oranjParker/Rarefactor/internal/crawler/engine.go:158.19,158.19 0 1
github.com/oranjParker/Rarefactor/internal/crawler/engine.go:162.2,162.61 1 1
github.com/oranjParker/Rarefactor/internal/crawler/engine.go:165.99,167.16 2 1
github.com/oranjParker/Rarefactor/internal/crawler/engine.go:167.16,169.3 1 0
github.com/oranjParker/Rarefactor/internal/crawler/engine.go:170.2,173.16 3 1
github.com/oranjParker/Rarefactor/internal/crawler/engine.go:173.16,175.3 1 0
github.com/oranjParker/Rarefactor/internal/crawler/engine.go:177.2,177.15 1 1
github.com/oranjParker/Rarefactor/internal/crawler/engine.go:177.15,180.3 2 1
github.com/oranjParker/Rarefactor/internal/crawler/engine.go:182.2,182.38 1 1
github.com/oranjParker/Rarefactor/internal/crawler/engine.go:182.38,184.3 1 0
github.com/oranjParker/Rarefactor/internal/crawler/engine.go:186.2,187.49 2 1
github.com/oranjParker/Rarefactor/internal/crawler/engine.go:187.49,189.3 1 1
github.com/oranjParker/Rarefactor/internal/crawler/engine.go:191.2,194.16 3 1
github.com/oranjParker/Rarefactor/internal/crawler/engine.go:194.16,196.3 1 0
github.com/oranjParker/Rarefactor/internal/crawler/engine.go:198.2,198.88 1 1
github.com/oranjParker/Rarefactor/internal/crawler/engine.go:198.88,200.3 1 1
github.com/oranjParker/Rarefactor/internal/crawler/engine.go:202.2,203.17 2 1
github.com/oranjParker/Rarefactor/internal/crawler/engine.go:203.17,205.3 1 1
github.com/oranjParker/Rarefactor/internal/crawler/engine.go:206.2,210.61 4 1
github.com/oranjParker/Rarefactor/internal/crawler/engine.go:210.61,212.14 2 1
github.com/oranjParker/Rarefactor/internal/crawler/engine.go:212.14,214.4 1 0
github.com/oranjParker/Rarefactor/internal/crawler/engine.go:216.3,217.53 2 1
github.com/oranjParker/Rarefactor/internal/crawler/engine.go:217.53,219.4 1 1
github.com/oranjParker/Rarefactor/internal/crawler/engine.go:222.2,223.35 2 1
github.com/oranjParker/Rarefactor/internal/crawler/engine.go:226.81,228.16 2 1
github.com/oranjParker/Rarefactor/internal/crawler/engine.go:228.16,230.3 1 0
github.com/oranjParker/Rarefactor/internal/crawler/engine.go:232.2,236.26 4 1
github.com/oranjParker/Rarefactor/internal/crawler/engine.go:236.26,238.3 1 0
github.com/oranjParker/Rarefactor/internal/crawler/engine.go:238.8,240.3 1 1
github.com/oranjParker/Rarefactor/internal/crawler/engine.go:242.2,242.23 1 1
github.com/oranjParker/Rarefactor/internal/crawler/engine.go:242.23,245.17 3 1
github.com/oranjParker/Rarefactor/internal/crawler/engine.go:245.17,247.4 1 0
github.com/oranjParker/Rarefactor/internal/crawler/engine.go:248.3,251.17 3 1
github.com/oranjParker/Rarefactor/internal/crawler/engine.go:251.17,253.4 1 0
github.com/oranjParker/Rarefactor/internal/crawler/engine.go:254.3,256.29 2 1
github.com/oranjParker/Rarefactor/internal/crawler/engine.go:256.29,258.4 1 1
github.com/oranjParker/Rarefactor/internal/crawler/engine.go:260.3,260.29 1 1
github.com/oranjParker/Rarefactor/internal/crawler/engine.go:260.29,261.28 1 0
github.com/oranjParker/Rarefactor/internal/crawler/engine.go:261.28,263.5 1 0
github.com/oranjParker/Rarefactor/internal/crawler/engine.go:264.4,264.20 1 0
github.com/oranjParker/Rarefactor/internal/crawler/engine.go:267.3,269.27 3 1
github.com/oranjParker/Rarefactor/internal/crawler/engine.go:269.27,271.4 1 0
github.com/oranjParker/Rarefactor/internal/crawler/engine.go:272.8,272.24 1 0
github.com/oranjParker/Rarefactor/internal/crawler/engine.go:272.24,274.3 1 0
github.com/oranjParker/Rarefactor/internal/crawler/engine.go:276.2,276.68 1 1
github.com/oranjParker/Rarefactor/internal/crawler/engine.go:279.34,282.33 3 1
github.com/oranjParker/Rarefactor/internal/crawler/engine.go:282.33,283.36 1 1
github.com/oranjParker/Rarefactor/internal/crawler/engine.go:283.36,285.4 1 0
github.com/oranjParker/Rarefactor/internal/crawler/engine.go:287.2,287.41 1 1
github.com/oranjParker/Rarefactor/internal/crawler/engine.go:290.47,291.26 1 1
github.com/oranjParker/Rarefactor/internal/crawler/engine.go:291.26,293.3 1 0
github.com/oranjParker/Rarefactor/internal/crawler/engine.go:294.2,295.16 2 1
github.com/oranjParker/Rarefactor/internal/crawler/engine.go:295.16,297.3 1 0
github.com/oranjParker/Rarefactor/internal/crawler/engine.go:298.2,299.16 2 1
github.com/oranjParker/Rarefactor/internal/crawler/engine.go:299.16,301.3 1 0
github.com/oranjParker/Rarefactor/internal/crawler/engine.go:302.2,303.26 2 1
github.com/oranjParker/Rarefactor/internal/crawler/engine.go:303.26,305.3 1 0
github.com/oranjParker/Rarefactor/internal/crawler/engine.go:306.2,306.17 1 1
github.com/oranjParker/Rarefactor/internal/crawler/engine.go:309.103,311.2 1 0
github.com/oranjParker/Rarefactor/internal/crawler/engine.go:313.103,314.21 1 0
github.com/oranjParker/Rarefactor/internal/crawler/engine.go:314.21,316.3 1 0
github.com/oranjParker/Rarefactor/internal/crawler/engine.go:317.2,331.22 4 0
github.com/oranjParker/Rarefactor/internal/crawler/engine.go:331.22,333.3 1 0
github.com/oranjParker/Rarefactor/internal/crawler/engine.go:334.2,335.27 2 0
github.com/oranjParker/Rarefactor/internal/crawler/engine.go:335.27,337.3 1 0
github.com/oranjParker/Rarefactor/internal/crawler/engine.go:339.2,347.16 2 0
github.com/oranjParker/Rarefactor/internal/crawler/engine.go:347.16,349.3 1 0
github.com/oranjParker/Rarefactor/internal/crawler/engine.go:351.2,352.24 2 0
github.com/oranjParker/Rarefactor/internal/crawler/engine.go:352.24,354.3 1 0
github.com/oranjParker/Rarefactor/internal/crawler/engine.go:355.2,356.16 2 0
github.com/oranjParker/Rarefactor/internal/crawler/engine.go:356.16,358.3 1 0
github.com/oranjParker/Rarefactor/internal/crawler/engine.go:360.2,360.96 1 0
github.com/oranjParker/Rarefactor/internal/crawler/engine.go:360.96,362.3 1 0
github.com/oranjParker/Rarefactor/internal/crawler/engine.go:364.2,364.17 1 0
github.com/oranjParker/Rarefactor/internal/crawler/engine.go:364.17,369.17 2 0
github.com/oranjParker/Rarefactor/internal/crawler/engine.go:369.17,371.4 1 0
github.com/oranjParker/Rarefactor/internal/crawler/engine.go:374.2,374.12 1 0
github.com/oranjParker/Rarefactor/internal/database/postgres.go:11.58,15.16 3 0
github.com/oranjParker/Rarefactor/internal/database/postgres.go:15.16,17.3 1 0
github.com/oranjParker/Rarefactor/internal/database/postgres.go:19.2,23.16 4 0
github.com/oranjParker/Rarefactor/internal/database/postgres.go:23.16,25.3 1 0
github.com/oranjParker/Rarefactor/internal/database/postgres.go:27.2,27.18 1 0
github.com/oranjParker/Rarefactor/internal/database/qdrant.go:19.66,21.16 2 0
github.com/oranjParker/Rarefactor/internal/database/qdrant.go:21.16,24.3 2 0
github.com/oranjParker/Rarefactor/internal/database/qdrant.go:26.2,31.33 4 0
github.com/oranjParker/Rarefactor/internal/database/qdrant.go:31.33,33.17 2 0
github.com/oranjParker/Rarefactor/internal/database/qdrant.go:33.17,35.48 2 0
github.com/oranjParker/Rarefactor/internal/database/qdrant.go:35.48,37.5 1 0
github.com/oranjParker/Rarefactor/internal/database/qdrant.go:38.9,40.4 1 0
github.com/oranjParker/Rarefactor/internal/database/qdrant.go:41.8,43.3 1 0
github.com/oranjParker/Rarefactor/internal/database/qdrant.go:45.2,49.16 2 0
github.com/oranjParker/Rarefactor/internal/database/qdrant.go:49.16,51.3 1 0
github.com/oranjParker/Rarefactor/internal/database/qdrant.go:53.2,53.43 1 0
github.com/oranjParker/Rarefactor/internal/database/qdrant.go:56.81,58.16 2 0
github.com/oranjParker/Rarefactor/internal/database/qdrant.go:58.16,60.3 1 0
github.com/oranjParker/Rarefactor/internal/database/qdrant.go:62.2,63.32 2 0
github.com/oranjParker/Rarefactor/internal/database/qdrant.go:63.32,64.16 1 0
github.com/oranjParker/Rarefactor/internal/database/qdrant.go:64.16,66.9 2 0
github.com/oranjParker/Rarefactor/internal/database/qdrant.go:70.2,70.12 1 0
github.com/oranjParker/Rarefactor/internal/database/qdrant.go:70.12,73.3 2 0
github.com/oranjParker/Rarefactor/internal/database/qdrant.go:75.2,82.4 2 0
github.com/oranjParker/Rarefactor/internal/database/qdrant.go:85.116,104.2 3 0
github.com/oranjParker/Rarefactor/internal/database/qdrant.go:106.133,113.16 2 0
github.com/oranjParker/Rarefactor/internal/database/qdrant.go:113.16,115.3 1 0
github.com/oranjParker/Rarefactor/internal/database/qdrant.go:116.2,116.17 1 0
github.com/oranjParker/Rarefactor/internal/database/qdrant.go:119.38,121.2 1 0
github.com/oranjParker/Rarefactor/internal/database/redis.go:12.65,14.20 2 0
github.com/oranjParker/Rarefactor/internal/database/redis.go:14.20,16.3 1 0
github.com/oranjParker/Rarefactor/internal/database/redis.go:18.2,19.16 2 0
github.com/oranjParker/Rarefactor/internal/database/redis.go:19.16,21.3 1 0
github.com/oranjParker/Rarefactor/internal/database/redis.go:23.2,31.51 6 0
github.com/oranjParker/Rarefactor/internal/database/redis.go:31.51,33.3 1 0
github.com/oranjParker/Rarefactor/internal/database/redis.go:35.2,35.20 1 0
github.com/oranjParker/Rarefactor/generated/protos/v1/crawler.pb.go:35.32,40.2 4 0
github.com/oranjParker/Rarefactor/generated/protos/v1/crawler.pb.go:42.40,44.2 1 0
github.com/oranjParker/Rarefactor/generated/protos/v1/crawler.pb.go:46.38,46.39 0 0
github.com/oranjParker/Rarefactor/generated/protos/v1/crawler.pb.go:48.60,50.14 2 0
github.com/oranjParker/Rarefactor/generated/protos/v1/crawler.pb.go:50.14,52.34 2 0
github.com/oranjParker/Rarefactor/generated/protos/v1/crawler.pb.go:52.34,54.4 1 0
github.com/oranjParker/Rarefactor/generated/protos/v1/crawler.pb.go:55.3,55.12 1 0
github.com/oranjParker/Rarefactor/generated/protos/v1/crawler.pb.go:57.2,57.24 1 0
github.com/oranjParker/Rarefactor/generated/protos/v1/crawler.pb.go:61.51,63.2 1 0
github.com/oranjParker/Rarefactor/generated/protos/v1/crawler.pb.go:65.44,66.14 1 0
github.com/oranjParker/Rarefactor/generated/protos/v1/crawler.pb.go:66.14,68.3 1 0
github.com/oranjParker/Rarefactor/generated/protos/v1/crawler.pb.go:69.2,69.11 1 0
github.com/oranjParker/Rarefactor/generated/protos/v1/crawler.pb.go:72.44,73.14 1 0
github.com/oranjParker/Rarefactor/generated/protos/v1/crawler.pb.go:73.14,75.3 1 0
github.com/oranjParker/Rarefactor/generated/protos/v1/crawler.pb.go:76.2,76.10 1 0
github.com/oranjParker/Rarefactor/generated/protos/v1/crawler.pb.go:79.44,80.14 1 0
github.com/oranjParker/Rarefactor/generated/protos/v1/crawler.pb.go:80.14,82.3 1 0
github.com/oranjParker/Rarefactor/generated/protos/v1/crawler.pb.go:83.2,83.10 1 0
github.com/oranjParker/Rarefactor/generated/protos/v1/crawler.pb.go:86.46,87.14 1 0
github.com/oranjParker/Rarefactor/generated/protos/v1/crawler.pb.go:87.14,89.3 1 0
github.com/oranjParker/Rarefactor/generated/protos/v1/crawler.pb.go:90.2,90.11 1 0
github.com/oranjParker/Rarefactor/generated/protos/v1/crawler.pb.go:101.33,106.2 4 0
github.com/oranjParker/Rarefactor/generated/protos/v1/crawler.pb.go:108.41,110.2 1 0
github.com/oranjParker/Rarefactor/generated/protos/v1/crawler.pb.go:112.39,112.40 0 0
github.com/oranjParker/Rarefactor/generated/protos/v1/crawler.pb.go:114.61,116.14 2 0
github.com/oranjParker/Rarefactor/generated/protos/v1/crawler.pb.go:116.14,118.34 2 0
github.com/oranjParker/Rarefactor/generated/protos/v1/crawler.pb.go:118.34,120.4 1 0
github.com/oranjParker/Rarefactor/generated/protos/v1/crawler.pb.go:121.3,121.12 1 0
github.com/oranjParker/Rarefactor/generated/protos/v1/crawler.pb.go:123.2,123.24 1 0
github.com/oranjParker/Rarefactor/generated/protos/v1/crawler.pb.go:127.52,129.2 1 0
github.com/oranjParker/Rarefactor/generated/protos/v1/crawler.pb.go:131.49,132.14 1 0
github.com/oranjParker/Rarefactor/generated/protos/v1/crawler.pb.go:132.14,134.3 1 0
github.com/oranjParker/Rarefactor/generated/protos/v1/crawler.pb.go:135.2,135.10 1 0
github.com/oranjParker/Rarefactor/generated/protos/v1/crawler.pb.go:138.44,139.14 1 0
github.com/oranjParker/Rarefactor/generated/protos/v1/crawler.pb.go:139.14,141.3 1 0
github.com/oranjParker/Rarefactor/generated/protos/v1/crawler.pb.go:142.2,142.11 1 0
github.com/oranjParker/Rarefactor/generated/protos/v1/crawler.pb.go:167.56,168.53 1 0
github.com/oranjParker/Rarefactor/generated/protos/v1/crawler.pb.go:168.53,170.3 1 0
github.com/oranjParker/Rarefactor/generated/protos/v1/crawler.pb.go:171.2,171.49 1 0
github.com/oranjParker/Rarefactor/generated/protos/v1/crawler.pb.go:189.13,189.52 1 0
github.com/oranjParker/Rarefactor/generated/protos/v1/crawler.pb.go:190.42,191.41 1 0
github.com/oranjParker/Rarefactor/generated/protos/v1/crawler.pb.go:191.41,193.3 1 0
github.com/oranjParker/Rarefactor/generated/protos/v1/crawler.pb.go:194.2,210.44 5 0
github.com/oranjParker/Rarefactor/generated/protos/v1/crawler.pb.gw.go:38.212,43.100 2 0
github.com/oranjParker/Rarefactor/generated/protos/v1/crawler.pb.gw.go:43.100,45.3 1 0
github.com/oranjParker/Rarefactor/generated/protos/v1/crawler.pb.gw.go:46.2,46.21 1 0
github.com/oranjParker/Rarefactor/generated/protos/v1/crawler.pb.gw.go:46.21,48.3 1 0
github.com/oranjParker/Rarefactor/generated/protos/v1/crawler.pb.gw.go:49.2,50.27 2 0
github.com/oranjParker/Rarefactor/generated/protos/v1/crawler.pb.gw.go:53.218,58.100 2 0
github.com/oranjParker/Rarefactor/generated/protos/v1/crawler.pb.gw.go:58.100,60.3 1 0
github.com/oranjParker/Rarefactor/generated/protos/v1/crawler.pb.gw.go:61.2,62.27 2 0
github.com/oranjParker/Rarefactor/generated/protos/v1/crawler.pb.gw.go:70.121,71.139 1 0
github.com/oranjParker/Rarefactor/generated/protos/v1/crawler.pb.gw.go:71.139,78.17 7 0
github.com/oranjParker/Rarefactor/generated/protos/v1/crawler.pb.gw.go:78.17,81.4 2 0
github.com/oranjParker/Rarefactor/generated/protos/v1/crawler.pb.gw.go:82.3,85.17 4 0
github.com/oranjParker/Rarefactor/generated/protos/v1/crawler.pb.gw.go:85.17,88.4 2 0
github.com/oranjParker/Rarefactor/generated/protos/v1/crawler.pb.gw.go:89.3,89.125 1 0
github.com/oranjParker/Rarefactor/generated/protos/v1/crawler.pb.gw.go:92.2,92.12 1 0
github.com/oranjParker/Rarefactor/generated/protos/v1/crawler.pb.gw.go:97.145,99.16 2 0
github.com/oranjParker/Rarefactor/generated/protos/v1/crawler.pb.gw.go:99.16,101.3 1 0
github.com/oranjParker/Rarefactor/generated/protos/v1/crawler.pb.gw.go:102.2,102.15 1 0
github.com/oranjParker/Rarefactor/generated/protos/v1/crawler.pb.gw.go:102.15,103.17 1 0
github.com/oranjParker/Rarefactor/generated/protos/v1/crawler.pb.gw.go:103.17,104.41 1 0
github.com/oranjParker/Rarefactor/generated/protos/v1/crawler.pb.gw.go:104.41,106.5 1 0
github.com/oranjParker/Rarefactor/generated/protos/v1/crawler.pb.gw.go:107.4,107.10 1 0
github.com/oranjParker/Rarefactor/generated/protos/v1/crawler.pb.gw.go:109.3,109.13 1 0
github.com/oranjParker/Rarefactor/generated/protos/v1/crawler.pb.gw.go:109.13,111.41 2 0
github.com/oranjParker/Rarefactor/generated/protos/v1/crawler.pb.gw.go:111.41,113.5 1 0
github.com/oranjParker/Rarefactor/generated/protos/v1/crawler.pb.gw.go:116.2,116.54 1 0
github.com/oranjParker/Rarefactor/generated/protos/v1/crawler.pb.gw.go:121.109,123.2 1 0
github.com/oranjParker/Rarefactor/generated/protos/v1/crawler.pb.gw.go:130.121,131.139 1 0
github.com/oranjParker/Rarefactor/generated/protos/v1/crawler.pb.gw.go:131.139,136.17 5 0
github.com/oranjParker/Rarefactor/generated/protos/v1/crawler.pb.gw.go:136.17,139.4 2 0
github.com/oranjParker/Rarefactor/generated/protos/v1/crawler.pb.gw.go:140.3,142.17 3 0
github.com/oranjParker/Rarefactor/generated/protos/v1/crawler.pb.gw.go:142.17,145.4 2 0
github.com/oranjParker/Rarefactor/generated/protos/v1/crawler.pb.gw.go:146.3,146.125 1 0
github.com/oranjParker/Rarefactor/generated/protos/v1/crawler.pb.gw.go:148.2,148.12 1 0
github.com/oranjParker/Rarefactor/generated/protos/v1/crawler_grpc.pb.go:36.80,38.2 1 0
github.com/oranjParker/Rarefactor/generated/protos/v1/crawler_grpc.pb.go:40.126,44.16 4 0
github.com/oranjParker/Rarefactor/generated/protos/v1/crawler_grpc.pb.go:44.16,46.3 1 0
github.com/oranjParker/Rarefactor/generated/protos/v1/crawler_grpc.pb.go:47.2,47.17 1 0
github.com/oranjParker/Rarefactor/generated/protos/v1/crawler_grpc.pb.go:64.104,66.2 1 0
github.com/oranjParker/Rarefactor/generated/protos/v1/crawler_grpc.pb.go:67.65,67.66 0 0
github.com/oranjParker/Rarefactor/generated/protos/v1/crawler_grpc.pb.go:76.86,81.59 1 0
github.com/oranjParker/Rarefactor/generated/protos/v1/crawler_grpc.pb.go:81.59,83.3 1 0
github.com/oranjParker/Rarefactor/generated/protos/v1/crawler_grpc.pb.go:84.2,84.53 1 0
github.com/oranjParker/Rarefactor/generated/protos/v1/crawler_grpc.pb.go:87.165,89.32 2 0
github.com/oranjParker/Rarefactor/generated/protos/v1/crawler_grpc.pb.go:89.32,91.3 1 0
github.com/oranjParker/Rarefactor/generated/protos/v1/crawler_grpc.pb.go:92.2,92.24 1 0
github.com/oranjParker/Rarefactor/generated/protos/v1/crawler_grpc.pb.go:92.24,94.3 1 0
github.com/oranjParker/Rarefactor/generated/protos/v1/crawler_grpc.pb.go:95.2,99.77 2 0
github.com/oranjParker/Rarefactor/generated/protos/v1/crawler_grpc.pb.go:99.77,101.3 1 0
github.com/oranjParker/Rarefactor/generated/protos/v1/crawler_grpc.pb.go:102.2,102.44 1 0
github.com/oranjParker/Rarefactor/generated/protos/v1/search.pb.go:34.39,39.2 4 0
github.com/oranjParker/Rarefactor/generated/protos/v1/search.pb.go:41.47,43.2 1 0
github.com/oranjParker/Rarefactor/generated/protos/v1/search.pb.go:45.45,45.46 0 0
github.com/oranjParker/Rarefactor/generated/protos/v1/search.pb.go:47.67,49.14 2 0
github.com/oranjParker/Rarefactor/generated/protos/v1/search.pb.go:49.14,51.34 2 0
github.com/oranjParker/Rarefactor/generated/protos/v1/search.pb.go:51.34,53.4 1 0
github.com/oranjParker/Rarefactor/generated/protos/v1/search.pb.go:54.3,54.12 1 0
github.com/oranjParker/Rarefactor/generated/protos/v1/search.pb.go:56.2,56.24 1 0
github.com/oranjParker/Rarefactor/generated/protos/v1/search.pb.go:60.58,62.2 1 0
github.com/oranjParker/Rarefactor/generated/protos/v1/search.pb.go:64.50,65.14 1 0
github.com/oranjParker/Rarefactor/generated/protos/v1/search.pb.go:65.14,67.3 1 0
github.com/oranjParker/Rarefactor/generated/protos/v1/search.pb.go:68.2,68.11 1 0
github.com/oranjParker/Rarefactor/generated/protos/v1/search.pb.go:71.48,72.14 1 0
github.com/oranjParker/Rarefactor/generated/protos/v1/search.pb.go:72.14,74.3 1 0
github.com/oranjParker/Rarefactor/generated/protos/v1/search.pb.go:75.2,75.10 1 0
github.com/oranjParker/Rarefactor/generated/protos/v1/search.pb.go:86.40,91.2 4 0
github.com/oranjParker/Rarefactor/generated/protos/v1/search.pb.go:93.48,95.2 1 0
github.com/oranjParker/Rarefactor/generated/protos/v1/search.pb.go:97.46,97.47 0 0
github.com/oranjParker/Rarefactor/generated/protos/v1/search.pb.go:99.68,101.14 2 0
github.com/oranjParker/Rarefactor/generated/protos/v1/search.pb.go:101.14,103.34 2 0
github.com/oranjParker/Rarefactor/generated/protos/v1/search.pb.go:103.34,105.4 1 0
github.com/oranjParker/Rarefactor/generated/protos/v1/search.pb.go:106.3,106.12 1 0
github.com/oranjParker/Rarefactor/generated/protos/v1/search.pb.go:108.2,108.24 1 0
github.com/oranjParker/Rarefactor/generated/protos/v1/search.pb.go:112.59,114.2 1 0
github.com/oranjParker/Rarefactor/generated/protos/v1/search.pb.go:116.58,117.14 1 0
github.com/oranjParker/Rarefactor/generated/protos/v1/search.pb.go:117.14,119.3 1 0
github.com/oranjParker/Rarefactor/generated/protos/v1/search.pb.go:120.2,120.12 1 0
github.com/oranjParker/Rarefactor/generated/protos/v1/search.pb.go:123.56,124.14 1 0
github.com/oranjParker/Rarefactor/generated/protos/v1/search.pb.go:124.14,126.3 1 0
github.com/oranjParker/Rarefactor/generated/protos/v1/search.pb.go:127.2,127.10 1 0
github.com/oranjParker/Rarefactor/generated/protos/v1/search.pb.go:139.33,144.2 4 0
github.com/oranjParker/Rarefactor/generated/protos/v1/search.pb.go:146.41,148.2 1 0
github.com/oranjParker/Rarefactor/generated/protos/v1/search.pb.go:150.39,150.40 0 0
github.com/oranjParker/Rarefactor/generated/protos/v1/search.pb.go:152.61,154.14 2 0
github.com/oranjParker/Rarefactor/generated/protos/v1/search.pb.go:154.14,156.34 2 0
github.com/oranjParker/Rarefactor/generated/protos/v1/search.pb.go:156.34,158.4 1 0
github.com/oranjParker/Rarefactor/generated/protos/v1/search.pb.go:159.3,159.12 1 0
github.com/oranjParker/Rarefactor/generated/protos/v1/search.pb.go:161.2,161.24 1 0
github.com/oranjParker/Rarefactor/generated/protos/v1/search.pb.go:165.52,167.2 1 0
github.com/oranjParker/Rarefactor/generated/protos/v1/search.pb.go:169.43,170.14 1 0
github.com/oranjParker/Rarefactor/generated/protos/v1/search.pb.go:170.14,172.3 1 0
github.com/oranjParker/Rarefactor/generated/protos/v1/search.pb.go:173.2,173.11 1 0
github.com/oranjParker/Rarefactor/generated/protos/v1/search.pb.go:176.42,177.14 1 0
github.com/oranjParker/Rarefactor/generated/protos/v1/search.pb.go:177.14,179.3 1 0
github.com/oranjParker/Rarefactor/generated/protos/v1/search.pb.go:180.2,180.10 1 0
github.com/oranjParker/Rarefactor/generated/protos/v1/search.pb.go:183.47,184.14 1 0
github.com/oranjParker/Rarefactor/generated/protos/v1/search.pb.go:184.14,186.3 1 0
github.com/oranjParker/Rarefactor/generated/protos/v1/search.pb.go:187.2,187.11 1 0
github.com/oranjParker/Rarefactor/generated/protos/v1/search.pb.go:198.34,203.2 4 0
github.com/oranjParker/Rarefactor/generated/protos/v1/search.pb.go:205.42,207.2 1 0
github.com/oranjParker/Rarefactor/generated/protos/v1/search.pb.go:209.40,209.41 0 0
github.com/oranjParker/Rarefactor/generated/protos/v1/search.pb.go:211.62,213.14 2 0
github.com/oranjParker/Rarefactor/generated/protos/v1/search.pb.go:213.14,215.34 2 0
github.com/oranjParker/Rarefactor/generated/protos/v1/search.pb.go:215.34,217.4 1 0
github.com/oranjParker/Rarefactor/generated/protos/v1/search.pb.go:218.3,218.12 1 0
github.com/oranjParker/Rarefactor/generated/protos/v1/search.pb.go:220.2,220.24 1 0
github.com/oranjParker/Rarefactor/generated/protos/v1/search.pb.go:224.53,226.2 1 0
github.com/oranjParker/Rarefactor/generated/protos/v1/search.pb.go:228.51,229.14 1 0
github.com/oranjParker/Rarefactor/generated/protos/v1/search.pb.go:229.14,231.3 1 0
github.com/oranjParker/Rarefactor/generated/protos/v1/search.pb.go:232.2,232.12 1 0
github.com/oranjParker/Rarefactor/generated/protos/v1/search.pb.go:235.47,236.14 1 0
github.com/oranjParker/Rarefactor/generated/protos/v1/search.pb.go:236.14,238.3 1 0
github.com/oranjParker/Rarefactor/generated/protos/v1/search.pb.go:239.2,239.10 1 0
github.com/oranjParker/Rarefactor/generated/protos/v1/search.pb.go:253.28,258.2 4 0
github.com/oranjParker/Rarefactor/generated/protos/v1/search.pb.go:260.36,262.2 1 0
github.com/oranjParker/Rarefactor/generated/protos/v1/search.pb.go:264.34,264.35 0 0
github.com/oranjParker/Rarefactor/generated/protos/v1/search.pb.go:266.56,268.14 2 0
github.com/oranjParker/Rarefactor/generated/protos/v1/search.pb.go:268.14,270.34 2 0
github.com/oranjParker/Rarefactor/generated/protos/v1/search.pb.go:270.34,272.4 1 0
github.com/oranjParker/Rarefactor/generated/protos/v1/search.pb.go:273.3,273.12 1 0
github.com/oranjParker/Rarefactor/generated/protos/v1/search.pb.go:275.2,275.24 1 0
github.com/oranjParker/Rarefactor/generated/protos/v1/search.pb.go:279.47,281.2 1 0
github.com/oranjParker/Rarefactor/generated/protos/v1/search.pb.go:283.36,284.14 1 0
github.com/oranjParker/Rarefactor/generated/protos/v1/search.pb.go:284.14,286.3 1 0
github.com/oranjParker/Rarefactor/generated/protos/v1/search.pb.go:287.2,287.11 1 0
github.com/oranjParker/Rarefactor/generated/protos/v1/search.pb.go:290.38,291.14 1 0
github.com/oranjParker/Rarefactor/generated/protos/v1/search.pb.go:291.14,293.3 1 0
github.com/oranjParker/Rarefactor/generated/protos/v1/search.pb.go:294.2,294.11 1 0
github.com/oranjParker/Rarefactor/generated/protos/v1/search.pb.go:297.40,298.14 1 0
github.com/oranjParker/Rarefactor/generated/protos/v1/search.pb.go:298.14,300.3 1 0
github.com/oranjParker/Rarefactor/generated/protos/v1/search.pb.go:301.2,301.11 1 0
github.com/oranjParker/Rarefactor/generated/protos/v1/search.pb.go:304.39,305.14 1 0
github.com/oranjParker/Rarefactor/generated/protos/v1/search.pb.go:305.14,307.3 1 0
github.com/oranjParker/Rarefactor/generated/protos/v1/search.pb.go:308.2,308.10 1 0
github.com/oranjParker/Rarefactor/generated/protos/v1/search.pb.go:311.40,312.14 1 0
github.com/oranjParker/Rarefactor/generated/protos/v1/search.pb.go:312.14,314.3 1 0
github.com/oranjParker/Rarefactor/generated/protos/v1/search.pb.go:315.2,315.11 1 0
github.com/oranjParker/Rarefactor/generated/protos/v1/search.pb.go:327.41,332.2 4 0
github.com/oranjParker/Rarefactor/generated/protos/v1/search.pb.go:334.49,336.2 1 0
github.com/oranjParker/Rarefactor/generated/protos/v1/search.pb.go:338.47,338.48 0 0
github.com/oranjParker/Rarefactor/generated/protos/v1/search.pb.go:340.69,342.14 2 0
github.com/oranjParker/Rarefactor/generated/protos/v1/search.pb.go:342.14,344.34 2 0
github.com/oranjParker/Rarefactor/generated/protos/v1/search.pb.go:344.34,346.4 1 0
github.com/oranjParker/Rarefactor/generated/protos/v1/search.pb.go:347.3,347.12 1 0
github.com/oranjParker/Rarefactor/generated/protos/v1/search.pb.go:349.2,349.24 1 0
github.com/oranjParker/Rarefactor/generated/protos/v1/search.pb.go:353.60,355.2 1 0
github.com/oranjParker/Rarefactor/generated/protos/v1/search.pb.go:357.49,358.14 1 0
github.com/oranjParker/Rarefactor/generated/protos/v1/search.pb.go:358.14,360.3 1 0
github.com/oranjParker/Rarefactor/generated/protos/v1/search.pb.go:361.2,361.11 1 0
github.com/oranjParker/Rarefactor/generated/protos/v1/search.pb.go:364.57,365.14 1 0
github.com/oranjParker/Rarefactor/generated/protos/v1/search.pb.go:365.14,367.3 1 0
github.com/oranjParker/Rarefactor/generated/protos/v1/search.pb.go:368.2,368.12 1 0
github.com/oranjParker/Rarefactor/generated/protos/v1/search.pb.go:371.72,372.14 1 0
github.com/oranjParker/Rarefactor/generated/protos/v1/search.pb.go:372.14,374.3 1 0
github.com/oranjParker/Rarefactor/generated/protos/v1/search.pb.go:375.2,375.12 1 0
github.com/oranjParker/Rarefactor/generated/protos/v1/search.pb.go:420.55,421.52 1 0
github.com/oranjParker/Rarefactor/generated/protos/v1/search.pb.go:421.52,423.3 1 0
github.com/oranjParker/Rarefactor/generated/protos/v1/search.pb.go:424.2,424.48 1 0
github.com/oranjParker/Rarefactor/generated/protos/v1/search.pb.go:454.13,454.51 1 0
github.com/oranjParker/Rarefactor/generated/protos/v1/search.pb.go:455.41,456.40 1 0
github.com/oranjParker/Rarefactor/generated/protos/v1/search.pb.go:456.40,458.3 1 0
github.com/oranjParker/Rarefactor/generated/protos/v1/search.pb.go:459.2,475.43 5 0
github.com/oranjParker/Rarefactor/generated/protos/v1/search.pb.gw.go:40.229,45.21 2 0
github.com/oranjParker/Rarefactor/generated/protos/v1/search.pb.gw.go:45.21,47.3 1 0
github.com/oranjParker/Rarefactor/generated/protos/v1/search.pb.gw.go:48.2,48.40 1 0
github.com/oranjParker/Rarefactor/generated/protos/v1/search.pb.gw.go:48.40,50.3 1 0
github.com/oranjParker/Rarefactor/generated/protos/v1/search.pb.gw.go:51.2,51.120 1 0
github.com/oranjParker/Rarefactor/generated/protos/v1/search.pb.gw.go:51.120,53.3 1 0
github.com/oranjParker/Rarefactor/generated/protos/v1/search.pb.gw.go:54.2,55.27 2 0
github.com/oranjParker/Rarefactor/generated/protos/v1/search.pb.gw.go:58.235,63.40 2 0
github.com/oranjParker/Rarefactor/generated/protos/v1/search.pb.gw.go:63.40,65.3 1 0
github.com/oranjParker/Rarefactor/generated/protos/v1/search.pb.gw.go:66.2,66.120 1 0
github.com/oranjParker/Rarefactor/generated/protos/v1/search.pb.gw.go:66.120,68.3 1 0
github.com/oranjParker/Rarefactor/generated/protos/v1/search.pb.gw.go:69.2,70.27 2 0
github.com/oranjParker/Rarefactor/generated/protos/v1/search.pb.gw.go:75.223,80.21 2 0
github.com/oranjParker/Rarefactor/generated/protos/v1/search.pb.gw.go:80.21,82.3 1 0
github.com/oranjParker/Rarefactor/generated/protos/v1/search.pb.gw.go:83.2,83.40 1 0
github.com/oranjParker/Rarefactor/generated/protos/v1/search.pb.gw.go:83.40,85.3 1 0
github.com/oranjParker/Rarefactor/generated/protos/v1/search.pb.gw.go:86.2,86.114 1 0
github.com/oranjParker/Rarefactor/generated/protos/v1/search.pb.gw.go:86.114,88.3 1 0
github.com/oranjParker/Rarefactor/generated/protos/v1/search.pb.gw.go:89.2,90.27 2 0
github.com/oranjParker/Rarefactor/generated/protos/v1/search.pb.gw.go:93.229,98.40 2 0
github.com/oranjParker/Rarefactor/generated/protos/v1/search.pb.gw.go:98.40,100.3 1 0
github.com/oranjParker/Rarefactor/generated/protos/v1/search.pb.gw.go:101.2,101.114 1 0
github.com/oranjParker/Rarefactor/generated/protos/v1/search.pb.gw.go:101.114,103.3 1 0
github.com/oranjParker/Rarefactor/generated/protos/v1/search.pb.gw.go:104.2,105.27 2 0
github.com/oranjParker/Rarefactor/generated/protos/v1/search.pb.gw.go:110.231,117.17 3 0
github.com/oranjParker/Rarefactor/generated/protos/v1/search.pb.gw.go:117.17,119.3 1 0
github.com/oranjParker/Rarefactor/generated/protos/v1/search.pb.gw.go:120.2,120.112 1 0
github.com/oranjParker/Rarefactor/generated/protos/v1/search.pb.gw.go:120.112,122.3 1 0
github.com/oranjParker/Rarefactor/generated/protos/v1/search.pb.gw.go:123.2,123.21 1 0
github.com/oranjParker/Rarefactor/generated/protos/v1/search.pb.gw.go:123.21,125.3 1 0
github.com/oranjParker/Rarefactor/generated/protos/v1/search.pb.gw.go:126.2,126.76 1 0
github.com/oranjParker/Rarefactor/generated/protos/v1/search.pb.gw.go:126.76,127.101 1 0
github.com/oranjParker/Rarefactor/generated/protos/v1/search.pb.gw.go:127.101,129.4 1 0
github.com/oranjParker/Rarefactor/generated/protos/v1/search.pb.gw.go:129.9,131.4 1 0
github.com/oranjParker/Rarefactor/generated/protos/v1/search.pb.gw.go:133.2,134.9 2 0
github.com/oranjParker/Rarefactor/generated/protos/v1/search.pb.gw.go:134.9,136.3 1 0
github.com/oranjParker/Rarefactor/generated/protos/v1/search.pb.gw.go:137.2,138.16 2 0
github.com/oranjParker/Rarefactor/generated/protos/v1/search.pb.gw.go:138.16,140.3 1 0
github.com/oranjParker/Rarefactor/generated/protos/v1/search.pb.gw.go:141.2,141.40 1 0
github.com/oranjParker/Rarefactor/generated/protos/v1/search.pb.gw.go:141.40,143.3 1 0
github.com/oranjParker/Rarefactor/generated/protos/v1/search.pb.gw.go:144.2,144.122 1 0
github.com/oranjParker/Rarefactor/generated/protos/v1/search.pb.gw.go:144.122,146.3 1 0
github.com/oranjParker/Rarefactor/generated/protos/v1/search.pb.gw.go:147.2,148.27 2 0
github.com/oranjParker/Rarefactor/generated/protos/v1/search.pb.gw.go:151.237,158.17 3 0
github.com/oranjParker/Rarefactor/generated/protos/v1/search.pb.gw.go:158.17,160.3 1 0
github.com/oranjParker/Rarefactor/generated/protos/v1/search.pb.gw.go:161.2,161.112 1 0
github.com/oranjParker/Rarefactor/generated/protos/v1/search.pb.gw.go:161.112,163.3 1 0
github.com/oranjParker/Rarefactor/generated/protos/v1/search.pb.gw.go:164.2,164.76 1 0
github.com/oranjParker/Rarefactor/generated/protos/v1/search.pb.gw.go:164.76,165.101 1 0
github.com/oranjParker/Rarefactor/generated/protos/v1/search.pb.gw.go:165.101,167.4 1 0
github.com/oranjParker/Rarefactor/generated/protos/v1/search.pb.gw.go:167.9,169.4 1 0
github.com/oranjParker/Rarefactor/generated/protos/v1/search.pb.gw.go:171.2,172.9 2 0
github.com/oranjParker/Rarefactor/generated/protos/v1/search.pb.gw.go:172.9,174.3 1 0
github.com/oranjParker/Rarefactor/generated/protos/v1/search.pb.gw.go:175.2,176.16 2 0
github.com/oranjParker/Rarefactor/generated/protos/v1/search.pb.gw.go:176.16,178.3 1 0
github.com/oranjParker/Rarefactor/generated/protos/v1/search.pb.gw.go:179.2,179.40 1 0
github.com/oranjParker/Rarefactor/generated/protos/v1/search.pb.gw.go:179.40,181.3 1 0
github.com/oranjParker/Rarefactor/generated/protos/v1/search.pb.gw.go:182.2,182.122 1 0
github.com/oranjParker/Rarefactor/generated/protos/v1/search.pb.gw.go:182.122,184.3 1 0
github.com/oranjParker/Rarefactor/generated/protos/v1/search.pb.gw.go:185.2,186.27 2 0
github.com/oranjParker/Rarefactor/generated/protos/v1/search.pb.gw.go:194.131,195.150 1 0
github.com/oranjParker/Rarefactor/generated/protos/v1/search.pb.gw.go:195.150,202.17 7 0
github.com/oranjParker/Rarefactor/generated/protos/v1/search.pb.gw.go:202.17,205.4 2 0
github.com/oranjParker/Rarefactor/generated/protos/v1/search.pb.gw.go:206.3,209.17 4 0
github.com/oranjParker/Rarefactor/generated/protos/v1/search.pb.gw.go:209.17,212.4 2 0
github.com/oranjParker/Rarefactor/generated/protos/v1/search.pb.gw.go:213.3,213.137 1 0
github.com/oranjParker/Rarefactor/generated/protos/v1/search.pb.gw.go:215.2,215.144 1 0
github.com/oranjParker/Rarefactor/generated/protos/v1/search.pb.gw.go:215.144,222.17 7 0
github.com/oranjParker/Rarefactor/generated/protos/v1/search.pb.gw.go:222.17,225.4 2 0
github.com/oranjParker/Rarefactor/generated/protos/v1/search.pb.gw.go:226.3,229.17 4 0
github.com/oranjParker/Rarefactor/generated/protos/v1/search.pb.gw.go:229.17,232.4 2 0
github.com/oranjParker/Rarefactor/generated/protos/v1/search.pb.gw.go:233.3,233.131 1 0
github.com/oranjParker/Rarefactor/generated/protos/v1/search.pb.gw.go:235.2,235.154 1 0
github.com/oranjParker/Rarefactor/generated/protos/v1/search.pb.gw.go:235.154,242.17 7 0
github.com/oranjParker/Rarefactor/generated/protos/v1/search.pb.gw.go:242.17,245.4 2 0
github.com/oranjParker/Rarefactor/generated/protos/v1/search.pb.gw.go:246.3,249.17 4 0
github.com/oranjParker/Rarefactor/generated/protos/v1/search.pb.gw.go:249.17,252.4 2 0
github.com/oranjParker/Rarefactor/generated/protos/v1/search.pb.gw.go:253.3,253.139 1 0
github.com/oranjParker/Rarefactor/generated/protos/v1/search.pb.gw.go:256.2,256.12 1 0
github.com/oranjParker/Rarefactor/generated/protos/v1/search.pb.gw.go:261.150,263.16 2 0
github.com/oranjParker/Rarefactor/generated/protos/v1/search.pb.gw.go:263.16,265.3 1 0
github.com/oranjParker/Rarefactor/generated/protos/v1/search.pb.gw.go:266.2,266.15 1 0
github.com/oranjParker/Rarefactor/generated/protos/v1/search.pb.gw.go:266.15,267.17 1 0
github.com/oranjParker/Rarefactor/generated/protos/v1/search.pb.gw.go:267.17,268.41 1 0
github.com/oranjParker/Rarefactor/generated/protos/v1/search.pb.gw.go:268.41,270.5 1 0
github.com/oranjParker/Rarefactor/generated/protos/v1/search.pb.gw.go:271.4,271.10 1 0
github.com/oranjParker/Rarefactor/generated/protos/v1/search.pb.gw.go:273.3,273.13 1 0
github.com/oranjParker/Rarefactor/generated/protos/v1/search.pb.gw.go:273.13,275.41 2 0
github.com/oranjParker/Rarefactor/generated/protos/v1/search.pb.gw.go:275.41,277.5 1 0
github.com/oranjParker/Rarefactor/generated/protos/v1/search.pb.gw.go:280.2,280.59 1 0
github.com/oranjParker/Rarefactor/generated/protos/v1/search.pb.gw.go:285.114,287.2 1 0
github.com/oranjParker/Rarefactor/generated/protos/v1/search.pb.gw.go:294.131,295.150 1 0
github.com/oranjParker/Rarefactor/generated/protos/v1/search.pb.gw.go:295.150,300.17 5 0
github.com/oranjParker/Rarefactor/generated/protos/v1/search.pb.gw.go:300.17,303.4 2 0
github.com/oranjParker/Rarefactor/generated/protos/v1/search.pb.gw.go:304.3,306.17 3 0
github.com/oranjParker/Rarefactor/generated/protos/v1/search.pb.gw.go:306.17,309.4 2 0
github.com/oranjParker/Rarefactor/generated/protos/v1/search.pb.gw.go:310.3,310.137 1 0
github.com/oranjParker/Rarefactor/generated/protos/v1/search.pb.gw.go:312.2,312.144 1 0
github.com/oranjParker/Rarefactor/generated/protos/v1/search.pb.gw.go:312.144,317.17 5 0
github.com/oranjParker/Rarefactor/generated/protos/v1/search.pb.gw.go:317.17,320.4 2 0
github.com/oranjParker/Rarefactor/generated/protos/v1/search.pb.gw.go:321.3,323.17 3 0
github.com/oranjParker/Rarefactor/generated/protos/v1/search.pb.gw.go:323.17,326.4 2 0
github.com/oranjParker/Rarefactor/generated/protos/v1/search.pb.gw.go:327.3,327.131 1 0
github.com/oranjParker/Rarefactor/generated/protos/v1/search.pb.gw.go:329.2,329.154 1 0
github.com/oranjParker/Rarefactor/generated/protos/v1/search.pb.gw.go:329.154,334.17 5 0
github.com/oranjParker/Rarefactor/generated/protos/v1/search.pb.gw.go:334.17,337.4 2 0
github.com/oranjParker/Rarefactor/generated/protos/v1/search.pb.gw.go:338.3,340.17 3 0
github.com/oranjParker/Rarefactor/generated/protos/v1/search.pb.gw.go:340.17,343.4 2 0
github.com/oranjParker/Rarefactor/generated/protos/v1/search.pb.gw.go:344.3,344.139 1 0
github.com/oranjParker/Rarefactor/generated/protos/v1/search.pb.gw.go:346.2,346.12 1 0
github.com/oranjParker/Rarefactor/generated/protos/v1/search_grpc.pb.go:43.90,45.2 1 0
github.com/oranjParker/Rarefactor/generated/protos/v1/search_grpc.pb.go:47.152,51.16 4 0
github.com/oranjParker/Rarefactor/generated/protos/v1/search_grpc.pb.go:51.16,53.3 1 0
github.com/oranjParker/Rarefactor/generated/protos/v1/search_grpc.pb.go:54.2,54.17 1 0
github.com/oranjParker/Rarefactor/generated/protos/v1/search_grpc.pb.go:57.134,61.16 4 0
github.com/oranjParker/Rarefactor/generated/protos/v1/search_grpc.pb.go:61.16,63.3 1 0
github.com/oranjParker/Rarefactor/generated/protos/v1/search_grpc.pb.go:64.2,64.17 1 0
github.com/oranjParker/Rarefactor/generated/protos/v1/search_grpc.pb.go:67.144,71.16 4 0
github.com/oranjParker/Rarefactor/generated/protos/v1/search_grpc.pb.go:71.16,73.3 1 0
github.com/oranjParker/Rarefactor/generated/protos/v1/search_grpc.pb.go:74.2,74.17 1 0
github.com/oranjParker/Rarefactor/generated/protos/v1/search_grpc.pb.go:96.130,98.2 1 0
github.com/oranjParker/Rarefactor/generated/protos/v1/search_grpc.pb.go:99.112,101.2 1 0
github.com/oranjParker/Rarefactor/generated/protos/v1/search_grpc.pb.go:102.122,104.2 1 0
github.com/oranjParker/Rarefactor/generated/protos/v1/search_grpc.pb.go:105.70,105.71 0 0
github.com/oranjParker/Rarefactor/generated/protos/v1/search_grpc.pb.go:114.96,119.59 1 0
github.com/oranjParker/Rarefactor/generated/protos/v1/search_grpc.pb.go:119.59,121.3 1 0
github.com/oranjParker/Rarefactor/generated/protos/v1/search_grpc.pb.go:122.2,122.58 1 0
github.com/oranjParker/Rarefactor/generated/protos/v1/search_grpc.pb.go:125.177,127.32 2 0
github.com/oranjParker/Rarefactor/generated/protos/v1/search_grpc.pb.go:127.32,129.3 1 0
github.com/oranjParker/Rarefactor/generated/protos/v1/search_grpc.pb.go:130.2,130.24 1 0
github.com/oranjParker/Rarefactor/generated/protos/v1/search_grpc.pb.go:130.24,132.3 1 0
github.com/oranjParker/Rarefactor/generated/protos/v1/search_grpc.pb.go:133.2,137.77 2 0
github.com/oranjParker/Rarefactor/generated/protos/v1/search_grpc.pb.go:137.77,139.3 1 0
github.com/oranjParker/Rarefactor/generated/protos/v1/search_grpc.pb.go:140.2,140.44 1 0
github.com/oranjParker/Rarefactor/generated/protos/v1/search_grpc.pb.go:143.171,145.32 2 0
github.com/oranjParker/Rarefactor/generated/protos/v1/search_grpc.pb.go:145.32,147.3 1 0
github.com/oranjParker/Rarefactor/generated/protos/v1/search_grpc.pb.go:148.2,148.24 1 0
github.com/oranjParker/Rarefactor/generated/protos/v1/search_grpc.pb.go:148.24,150.3 1 0
github.com/oranjParker/Rarefactor/generated/protos/v1/search_grpc.pb.go:151.2,155.77 2 0
github.com/oranjParker/Rarefactor/generated/protos/v1/search_grpc.pb.go:155.77,157.3 1 0
github.com/oranjParker/Rarefactor/generated/protos/v1/search_grpc.pb.go:158.2,158.44 1 0
github.com/oranjParker/Rarefactor/generated/protos/v1/search_grpc.pb.go:161.179,163.32 2 0
github.com/oranjParker/Rarefactor/generated/protos/v1/search_grpc.pb.go:163.32,165.3 1 0
github.com/oranjParker/Rarefactor/generated/protos/v1/search_grpc.pb.go:166.2,166.24 1 0
github.com/oranjParker/Rarefactor/generated/protos/v1/search_grpc.pb.go:166.24,168.3 1 0
github.com/oranjParker/Rarefactor/generated/protos/v1/search_grpc.pb.go:169.2,173.77 2 0
github.com/oranjParker/Rarefactor/generated/protos/v1/search_grpc.pb.go:173.77,175.3 1 0
github.com/oranjParker/Rarefactor/generated/protos/v1/search_grpc.pb.go:176.2,176.44 1 0
github.com/oranjParker/Rarefactor/cmd/server/main.go:27.13,31.33 3 0
github.com/oranjParker/Rarefactor/cmd/server/main.go:31.33,33.3 1 0
github.com/oranjParker/Rarefactor/cmd/server/main.go:43.37,45.16 2 1
github.com/oranjParker/Rarefactor/cmd/server/main.go:45.16,47.3 1 1
github.com/oranjParker/Rarefactor/cmd/server/main.go:48.2,48.22 1 0
github.com/oranjParker/Rarefactor/cmd/server/main.go:48.22,50.3 1 0
github.com/oranjParker/Rarefactor/cmd/server/main.go:51.2,51.23 1 0
github.com/oranjParker/Rarefactor/cmd/server/main.go:51.23,53.3 1 0
github.com/oranjParker/Rarefactor/cmd/server/main.go:54.2,54.24 1 0
github.com/oranjParker/Rarefactor/cmd/server/main.go:54.24,56.3 1 0
github.com/oranjParker/Rarefactor/cmd/server/main.go:58.2,58.31 1 0
github.com/oranjParker/Rarefactor/cmd/server/main.go:61.71,66.16 4 1
github.com/oranjParker/Rarefactor/cmd/server/main.go:66.16,68.3 1 1
github.com/oranjParker/Rarefactor/cmd/server/main.go:70.2,71.16 2 1
github.com/oranjParker/Rarefactor/cmd/server/main.go:71.16,72.18 1 1
github.com/oranjParker/Rarefactor/cmd/server/main.go:72.18,74.4 1 1
github.com/oranjParker/Rarefactor/cmd/server/main.go:75.3,75.48 1 1
github.com/oranjParker/Rarefactor/cmd/server/main.go:78.2,79.16 2 0
github.com/oranjParker/Rarefactor/cmd/server/main.go:79.16,80.18 1 0
github.com/oranjParker/Rarefactor/cmd/server/main.go:80.18,82.4 1 0
github.com/oranjParker/Rarefactor/cmd/server/main.go:83.3,83.17 1 0
github.com/oranjParker/Rarefactor/cmd/server/main.go:83.17,85.4 1 0
github.com/oranjParker/Rarefactor/cmd/server/main.go:86.3,86.49 1 0
github.com/oranjParker/Rarefactor/cmd/server/main.go:89.2,89.67 1 0
github.com/oranjParker/Rarefactor/cmd/server/main.go:89.67,91.3 1 0
github.com/oranjParker/Rarefactor/cmd/server/main.go:93.2,100.8 2 0
github.com/oranjParker/Rarefactor/cmd/server/main.go:103.68,105.20 2 1
github.com/oranjParker/Rarefactor/cmd/server/main.go:105.20,107.3 1 0
github.com/oranjParker/Rarefactor/cmd/server/main.go:108.2,109.20 2 1
github.com/oranjParker/Rarefactor/cmd/server/main.go:109.20,111.3 1 1
github.com/oranjParker/Rarefactor/cmd/server/main.go:113.2,114.16 2 1
github.com/oranjParker/Rarefactor/cmd/server/main.go:114.16,116.3 1 1
github.com/oranjParker/Rarefactor/cmd/server/main.go:118.2,130.108 9 1
github.com/oranjParker/Rarefactor/cmd/server/main.go:130.108,132.3 1 0
github.com/oranjParker/Rarefactor/cmd/server/main.go:133.2,133.113 1 1
github.com/oranjParker/Rarefactor/cmd/server/main.go:133.113,135.3 1 0
github.com/oranjParker/Rarefactor/cmd/server/main.go:137.2,144.12 3 1
github.com/oranjParker/Rarefactor/cmd/server/main.go:144.12,146.47 2 1
github.com/oranjParker/Rarefactor/cmd/server/main.go:146.47,148.4 1 0
github.com/oranjParker/Rarefactor/cmd/server/main.go:151.2,151.12 1 1
github.com/oranjParker/Rarefactor/cmd/server/main.go:151.12,153.84 2 1
github.com/oranjParker/Rarefactor/cmd/server/main.go:153.84,155.4 1 0
github.com/oranjParker/Rarefactor/cmd/server/main.go:158.2,158.9 1 1
github.com/oranjParker/Rarefactor/cmd/server/main.go:159.20,166.58 5 1
github.com/oranjParker/Rarefactor/cmd/server/main.go:166.58,168.4 1 0
github.com/oranjParker/Rarefactor/cmd/server/main.go:169.3,169.13 1 1
github.com/oranjParker/Rarefactor/cmd/server/main.go:171.24,172.13 1 0
